<?xml version="1.0" encoding="UTF-8"?>
<!-- Generated by org.testng.reporters.JUnitReportReporter -->
<testsuite hostname="PREMs_laptop" failures="0" tests="2" name="practice.pom.org.pom.Testclass" time="43.690" errors="0" timestamp="2024-12-02T22:19:50 IST" skipped="0">
  <testcase classname="practice.pom.org.pom.Testclass" name="loginPagedata" time="25.674"/>
  <system-out/>
  <testcase classname="practice.pom.org.pom.Testclass" name="loginPagedata" time="18.016"/>
  <system-out/>
</testsuite> <!-- practice.pom.org.pom.Testclass -->
