<?xml version="1.0" encoding="UTF-8"?>
<!-- Generated by org.testng.reporters.JUnitReportReporter -->
<testsuite hostname="PREMs_laptop" failures="0" tests="1" name="pom.org.pomtest1.TestClass" time="10.969" errors="0" timestamp="2024-12-04T21:20:43 IST" skipped="0">
  <testcase classname="pom.org.pomtest1.TestClass" name="executeTC1" time="10.969"/>
  <system-out/>
</testsuite> <!-- pom.org.pomtest1.TestClass -->
