<?xml version="1.0" encoding="UTF-8"?>
<!-- Generated by org.testng.reporters.JUnitReportReporter -->
<testsuite hostname="PREMs_laptop" failures="0" tests="1" name="test.v1.org.practice.table" time="8.352" errors="0" timestamp="2024-12-01T11:42:41 IST" skipped="0">
  <testcase classname="test.v1.org.practice.table" name="test1" time="8.352"/>
  <system-out/>
</testsuite> <!-- test.v1.org.practice.table -->
