<?xml version="1.0" encoding="UTF-8"?>
<!-- Generated by org.testng.reporters.JUnitReportReporter -->
<testsuite hostname="PREMs_laptop" failures="0" tests="3" name="test.v1.org.practice.test1" time="0.013" errors="0" timestamp="2024-11-22T22:17:54 IST" skipped="0">
  <testcase classname="test.v1.org.practice.test1" name="third" time="0.002"/>
  <system-out/>
  <testcase classname="test.v1.org.practice.test1" name="first" time="0.009"/>
  <system-out/>
  <testcase classname="test.v1.org.practice.test1" name="second" time="0.002"/>
  <system-out/>
</testsuite> <!-- test.v1.org.practice.test1 -->
