<?xml version="1.0" encoding="UTF-8"?>
<!-- Generated by org.testng.reporters.JUnitReportReporter -->
<testsuite hostname="PREMs_laptop" failures="0" tests="1" name="test.v1.org.practice.alerts" time="5.184" errors="0" timestamp="2024-11-27T21:55:29 IST" skipped="0">
  <testcase classname="test.v1.org.practice.alerts" name="test1" time="5.184"/>
  <system-out/>
</testsuite> <!-- test.v1.org.practice.alerts -->
