<?xml version="1.0" encoding="UTF-8"?>
<!-- Generated by org.testng.reporters.JUnitReportReporter -->
<testsuite hostname="PREMs_laptop" failures="0" tests="1" name="test.v1.org.practice.test12" time="7.375" errors="0" timestamp="2024-11-27T21:12:27 IST" skipped="0">
  <testcase classname="test.v1.org.practice.test12" name="browserLaunch" time="7.375"/>
  <system-out/>
</testsuite> <!-- test.v1.org.practice.test12 -->
