<?xml version="1.0" encoding="UTF-8"?>
<!-- Generated by org.testng.reporters.JUnitReportReporter -->
<testsuite hostname="PREMs_laptop" failures="0" tests="1" name="test.v1.org.practice.test2" time="0.012" errors="0" timestamp="2024-11-22T22:18:34 IST" skipped="0">
  <testcase classname="test.v1.org.practice.test2" name="test1" time="0.012"/>
  <system-out/>
</testsuite> <!-- test.v1.org.practice.test2 -->
