<?xml version="1.0" encoding="UTF-8"?>
<!-- Generated by org.testng.reporters.JUnitReportReporter -->
<testsuite hostname="PREMs_laptop" failures="0" tests="2" name="testNG.Testng1.DataProvider1" time="31.436" errors="0" timestamp="2024-10-19T20:49:30 IST" skipped="0">
  <testcase classname="testNG.Testng1.DataProvider1" name="DataproviderCheck" time="14.783"/>
  <system-out/>
  <testcase classname="testNG.Testng1.DataProvider1" name="DataproviderCheck" time="16.653"/>
  <system-out/>
</testsuite> <!-- testNG.Testng1.DataProvider1 -->
