<?xml version="1.0" encoding="UTF-8"?>
<!-- Generated by org.testng.reporters.JUnitReportReporter -->
<testsuite hostname="PREMs_laptop" failures="0" tests="4" name="testNG.Testng1.App" time="0.036" errors="0" timestamp="2024-10-02T09:51:54 IST" skipped="0">
  <testcase classname="testNG.Testng1.App" name="login" time="0.029"/>
  <system-out/>
  <testcase classname="testNG.Testng1.App" name="signUp" time="0.003"/>
  <system-out/>
  <testcase classname="testNG.Testng1.App" name="validData" time="0.002"/>
  <system-out/>
  <testcase classname="testNG.Testng1.App" name="signOut" time="0.002"/>
  <system-out/>
</testsuite> <!-- testNG.Testng1.App -->
