<?xml version="1.0" encoding="UTF-8"?>
<!-- Generated by org.testng.reporters.JUnitReportReporter -->
<testsuite hostname="PREMs_laptop" failures="0" tests="2" name="testNG.Testng1.dataproviderclass" time="12.604" errors="0" timestamp="2024-10-05T19:38:08 IST" skipped="0">
  <testcase classname="testNG.Testng1.dataproviderclass" name="DataproviderCheck" time="7.660"/>
  <system-out/>
  <testcase classname="testNG.Testng1.dataproviderclass" name="DataproviderCheck" time="4.944"/>
  <system-out/>
</testsuite> <!-- testNG.Testng1.dataproviderclass -->
