<?xml version="1.0" encoding="UTF-8"?>
<!-- Generated by org.testng.reporters.JUnitReportReporter -->
<testsuite hostname="PREMs_laptop" failures="0" tests="1" name="testNG.Testng1.BasicExcelRead" time="12.004" errors="0" timestamp="2024-10-14T21:50:51 IST" skipped="0">
  <testcase classname="testNG.Testng1.BasicExcelRead" name="read" time="12.004"/>
  <system-out/>
</testsuite> <!-- testNG.Testng1.BasicExcelRead -->
