<?xml version="1.0" encoding="UTF-8"?>
<!-- Generated by org.testng.reporters.JUnitReportReporter -->
<testsuite hostname="PREMs_laptop" failures="0" tests="1" name="testNG.Testng1.groups" time="0.027" errors="0" timestamp="2024-10-05T17:36:15 IST" skipped="0">
  <testcase classname="testNG.Testng1.groups" name="signOut" time="0.027"/>
  <system-out/>
</testsuite> <!-- testNG.Testng1.groups -->
