<?xml version="1.0" encoding="UTF-8"?>
<!-- Generated by org.testng.reporters.JUnitReportReporter -->
<testsuite hostname="PREMs_laptop" failures="0" tests="1" name="testNG.Testng1.ParameterCheck" time="7.351" errors="0" timestamp="2024-10-05T10:07:32 IST" skipped="0">
  <testcase classname="testNG.Testng1.ParameterCheck" name="amazon" time="7.351"/>
  <system-out/>
</testsuite> <!-- testNG.Testng1.ParameterCheck -->
