<?xml version="1.0" encoding="UTF-8"?>
<!-- Generated by org.testng.reporters.JUnitReportReporter -->
<testsuite hostname="PREMs_laptop" failures="0" tests="3" name="testNG.Testng1.threadcheck" time="4.360" errors="0" timestamp="2024-10-02T10:33:40 IST" skipped="0">
  <testcase classname="testNG.Testng1.threadcheck" name="amazon" time="0.019"/>
  <system-out/>
  <testcase classname="testNG.Testng1.threadcheck" name="amazon" time="0.019"/>
  <system-out/>
  <testcase classname="testNG.Testng1.threadcheck" name="flipkart" time="4.322"/>
  <system-out/>
</testsuite> <!-- testNG.Testng1.threadcheck -->
