<?xml version="1.0" encoding="UTF-8"?>
<!-- Generated by org.testng.reporters.JUnitReportReporter -->
<testsuite hostname="PREMs_laptop" failures="0" tests="1" name="testNG.Testng1.Practice" time="0.029" errors="0" timestamp="2024-10-19T14:56:13 IST" skipped="0">
  <testcase classname="testNG.Testng1.Practice" name="test2" time="0.029"/>
  <system-out/>
</testsuite> <!-- testNG.Testng1.Practice -->
