<?xml version="1.0" encoding="UTF-8"?>
<!-- Generated by org.testng.reporters.JUnitReportReporter -->
<testsuite hostname="PREMs_laptop" failures="0" tests="2" name="testNG.Testng1.DataProviderExecution" time="33.949" errors="0" timestamp="2024-10-19T21:01:33 IST" skipped="0">
  <testcase classname="testNG.Testng1.DataProviderExecution" name="dataexe" time="15.521"/>
  <system-out/>
  <testcase classname="testNG.Testng1.DataProviderExecution" name="dataexe" time="18.428"/>
  <system-out/>
</testsuite> <!-- testNG.Testng1.DataProviderExecution -->
