<?xml version="1.0" encoding="UTF-8"?>
<!-- Generated by org.testng.reporters.JUnitReportReporter -->
<testsuite hostname="PREMs_laptop" failures="0" tests="4" name="testNG.Testng1.IntegrationFinalOutput" time="0.064" errors="0" timestamp="2024-10-15T22:02:02 IST" skipped="0">
  <testcase classname="testNG.Testng1.IntegrationFinalOutput" name="output" time="0.015"/>
  <system-out/>
  <testcase classname="testNG.Testng1.IntegrationFinalOutput" name="output" time="0.016"/>
  <system-out/>
  <testcase classname="testNG.Testng1.IntegrationFinalOutput" name="output" time="0.019"/>
  <system-out/>
  <testcase classname="testNG.Testng1.IntegrationFinalOutput" name="output" time="0.014"/>
  <system-out/>
</testsuite> <!-- testNG.Testng1.IntegrationFinalOutput -->
