<?xml version="1.0" encoding="UTF-8"?>
<!-- Generated by org.testng.reporters.JUnitReportReporter -->
<testsuite hostname="PREMs_laptop" failures="0" tests="1" name="testNG.Testng1.ExcelReadOpearation" time="6.830" errors="0" timestamp="2024-10-15T20:09:03 IST" skipped="0">
  <testcase classname="testNG.Testng1.ExcelReadOpearation" name="Masscode" time="6.830"/>
  <system-out/>
</testsuite> <!-- testNG.Testng1.ExcelReadOpearation -->
