<?xml version="1.0" encoding="UTF-8"?>
<!-- Generated by org.testng.reporters.JUnitReportReporter -->
<testsuite hostname="PREMs_laptop" failures="0" tests="1" name="testNG.Testng1.DataproviderIntegrationWithExcel" time="1.009" errors="0" timestamp="2024-10-22T23:18:45 IST" skipped="0">
  <testcase classname="testNG.Testng1.DataproviderIntegrationWithExcel" name="getdata" time="1.009"/>
  <system-out/>
</testsuite> <!-- testNG.Testng1.DataproviderIntegrationWithExcel -->
