<?xml version="1.0" encoding="UTF-8"?>
<!-- Generated by org.testng.reporters.JUnitReportReporter -->
<testsuite hostname="PREMs_laptop" failures="0" tests="2" name="practice.pom.org.cucumbertest.test" time="25.715" errors="0" timestamp="2024-12-13T23:04:44 IST" skipped="0">
  <testcase classname="practice.pom.org.cucumbertest.test" name="runScenario" time="13.157"/>
  <system-out/>
  <testcase classname="practice.pom.org.cucumbertest.test" name="runScenario" time="12.558"/>
  <system-out/>
</testsuite> <!-- practice.pom.org.cucumbertest.test -->
